<?xml version="1.0" encoding="UTF-8"?>
<testsuite name="graph.Tests" tests="10" skipped="0" failures="0" errors="0" timestamp="2020-05-14T01:01:49" hostname="DESKTOP-SG8E25E" time="0.031">
  <properties/>
  <testcase name="testVertices" classname="graph.Tests" time="0.003"/>
  <testcase name="testEdges" classname="graph.Tests" time="0.001"/>
  <testcase name="testMST1" classname="graph.Tests" time="0.001"/>
  <testcase name="testMST2" classname="graph.Tests" time="0.001"/>
  <testcase name="testMST3" classname="graph.Tests" time="0.001"/>
  <testcase name="testNeighbours" classname="graph.Tests" time="0.0"/>
  <testcase name="testShortestDistance" classname="graph.Tests" time="0.003"/>
  <testcase name="testDiameter" classname="graph.Tests" time="0.002"/>
  <testcase name="testShortestDistance2" classname="graph.Tests" time="0.001"/>
  <testcase name="testGraphElements" classname="graph.Tests" time="0.001"/>
  <system-out><![CDATA[]]></system-out>
  <system-err><![CDATA[]]></system-err>
</testsuite>
